{
  "C:\\Users\\maihe\\OneDrive\\Skrivebord\\pg6301\\pg6301eksamen-MaiHenry\\client\\ApiContext.jsx": {
    "path": "C:\\Users\\maihe\\OneDrive\\Skrivebord\\pg6301\\pg6301eksamen-MaiHenry\\client\\ApiContext.jsx",
    "statementMap": {
      "0": {
        "start": { "line": 7, "column": 26 },
        "end": { "line": 32, "column": 2 }
      },
      "1": {
        "start": { "line": 10, "column": 4 },
        "end": { "line": 10, "column": 44 }
      },
      "2": {
        "start": { "line": 13, "column": 4 },
        "end": { "line": 13, "column": 57 }
      },
      "3": {
        "start": { "line": 16, "column": 4 },
        "end": { "line": 16, "column": 54 }
      },
      "4": {
        "start": { "line": 19, "column": 4 },
        "end": { "line": 19, "column": 62 }
      },
      "5": {
        "start": { "line": 22, "column": 4 },
        "end": { "line": 22, "column": 55 }
      },
      "6": {
        "start": { "line": 27, "column": 4 },
        "end": { "line": 27, "column": 63 }
      },
      "7": {
        "start": { "line": 30, "column": 4 },
        "end": { "line": 30, "column": 75 }
      }
    },
    "fnMap": {
      "0": {
        "name": "(anonymous_0)",
        "decl": {
          "start": { "line": 9, "column": 18 },
          "end": { "line": 9, "column": 19 }
        },
        "loc": {
          "start": { "line": 9, "column": 30 },
          "end": { "line": 11, "column": 3 }
        },
        "line": 9
      },
      "1": {
        "name": "(anonymous_1)",
        "decl": {
          "start": { "line": 12, "column": 14 },
          "end": { "line": 12, "column": 15 }
        },
        "loc": {
          "start": { "line": 12, "column": 34 },
          "end": { "line": 14, "column": 3 }
        },
        "line": 12
      },
      "2": {
        "name": "(anonymous_2)",
        "decl": {
          "start": { "line": 15, "column": 21 },
          "end": { "line": 15, "column": 22 }
        },
        "loc": {
          "start": { "line": 15, "column": 39 },
          "end": { "line": 17, "column": 3 }
        },
        "line": 15
      },
      "3": {
        "name": "(anonymous_3)",
        "decl": {
          "start": { "line": 18, "column": 18 },
          "end": { "line": 18, "column": 19 }
        },
        "loc": {
          "start": { "line": 18, "column": 46 },
          "end": { "line": 20, "column": 3 }
        },
        "line": 18
      },
      "4": {
        "name": "(anonymous_4)",
        "decl": {
          "start": { "line": 21, "column": 14 },
          "end": { "line": 21, "column": 15 }
        },
        "loc": {
          "start": { "line": 21, "column": 32 },
          "end": { "line": 23, "column": 3 }
        },
        "line": 21
      },
      "5": {
        "name": "(anonymous_5)",
        "decl": {
          "start": { "line": 26, "column": 17 },
          "end": { "line": 26, "column": 18 }
        },
        "loc": {
          "start": { "line": 26, "column": 35 },
          "end": { "line": 28, "column": 3 }
        },
        "line": 26
      },
      "6": {
        "name": "(anonymous_6)",
        "decl": {
          "start": { "line": 29, "column": 15 },
          "end": { "line": 29, "column": 16 }
        },
        "loc": {
          "start": { "line": 29, "column": 46 },
          "end": { "line": 31, "column": 3 }
        },
        "line": 29
      }
    },
    "branchMap": {},
    "s": { "0": 4, "1": 1, "2": 0, "3": 0, "4": 0, "5": 0, "6": 0, "7": 0 },
    "f": { "0": 1, "1": 0, "2": 0, "3": 0, "4": 0, "5": 0, "6": 0 },
    "b": {},
    "_coverageSchema": "1a1c01bbd47fc00a2c39e90264f33305004495a9",
    "hash": "d8fa42f48990cb04a0c71a90abb4e9ea470aca9a"
  },
  "C:\\Users\\maihe\\OneDrive\\Skrivebord\\pg6301\\pg6301eksamen-MaiHenry\\client\\LoginContext.jsx": {
    "path": "C:\\Users\\maihe\\OneDrive\\Skrivebord\\pg6301\\pg6301eksamen-MaiHenry\\client\\LoginContext.jsx",
    "statementMap": {
      "0": {
        "start": { "line": 4, "column": 28 },
        "end": { "line": 13, "column": 2 }
      },
      "1": {
        "start": { "line": 16, "column": 29 },
        "end": { "line": 108, "column": 1 }
      },
      "2": {
        "start": { "line": 17, "column": 26 },
        "end": { "line": 17, "column": 45 }
      },
      "3": {
        "start": { "line": 18, "column": 40 },
        "end": { "line": 18, "column": 59 }
      },
      "4": {
        "start": { "line": 19, "column": 40 },
        "end": { "line": 19, "column": 59 }
      },
      "5": {
        "start": { "line": 20, "column": 38 },
        "end": { "line": 20, "column": 57 }
      },
      "6": {
        "start": { "line": 21, "column": 36 },
        "end": { "line": 21, "column": 55 }
      },
      "7": {
        "start": { "line": 24, "column": 28 },
        "end": { "line": 33, "column": 3 }
      },
      "8": {
        "start": { "line": 35, "column": 19 },
        "end": { "line": 76, "column": 3 }
      },
      "9": {
        "start": { "line": 36, "column": 4 },
        "end": { "line": 75, "column": 5 }
      },
      "10": {
        "start": { "line": 37, "column": 21 },
        "end": { "line": 37, "column": 60 }
      },
      "11": {
        "start": { "line": 38, "column": 23 },
        "end": { "line": 38, "column": 64 }
      },
      "12": {
        "start": { "line": 40, "column": 6 },
        "end": { "line": 72, "column": 7 }
      },
      "13": {
        "start": { "line": 41, "column": 8 },
        "end": { "line": 41, "column": 55 }
      },
      "14": {
        "start": { "line": 42, "column": 8 },
        "end": { "line": 42, "column": 33 }
      },
      "15": {
        "start": { "line": 44, "column": 25 },
        "end": { "line": 44, "column": 50 }
      },
      "16": {
        "start": { "line": 45, "column": 8 },
        "end": { "line": 47, "column": 9 }
      },
      "17": {
        "start": { "line": 46, "column": 10 },
        "end": { "line": 46, "column": 73 }
      },
      "18": {
        "start": { "line": 48, "column": 25 },
        "end": { "line": 48, "column": 46 }
      },
      "19": {
        "start": { "line": 51, "column": 8 },
        "end": { "line": 61, "column": 9 }
      },
      "20": {
        "start": { "line": 52, "column": 10 },
        "end": { "line": 52, "column": 49 }
      },
      "21": {
        "start": { "line": 53, "column": 10 },
        "end": { "line": 53, "column": 40 }
      },
      "22": {
        "start": { "line": 54, "column": 10 },
        "end": { "line": 54, "column": 52 }
      },
      "23": {
        "start": { "line": 55, "column": 10 },
        "end": { "line": 55, "column": 35 }
      },
      "24": {
        "start": { "line": 56, "column": 15 },
        "end": { "line": 61, "column": 9 }
      },
      "25": {
        "start": { "line": 57, "column": 10 },
        "end": { "line": 57, "column": 52 }
      },
      "26": {
        "start": { "line": 58, "column": 10 },
        "end": { "line": 58, "column": 43 }
      },
      "27": {
        "start": { "line": 59, "column": 10 },
        "end": { "line": 59, "column": 55 }
      },
      "28": {
        "start": { "line": 60, "column": 10 },
        "end": { "line": 60, "column": 38 }
      },
      "29": {
        "start": { "line": 63, "column": 8 },
        "end": { "line": 71, "column": 9 }
      },
      "30": {
        "start": { "line": 64, "column": 29 },
        "end": { "line": 64, "column": 72 }
      },
      "31": {
        "start": { "line": 65, "column": 10 },
        "end": { "line": 67, "column": 11 }
      },
      "32": {
        "start": { "line": 66, "column": 12 },
        "end": { "line": 66, "column": 30 }
      },
      "33": {
        "start": { "line": 68, "column": 29 },
        "end": { "line": 68, "column": 52 }
      },
      "34": {
        "start": { "line": 69, "column": 10 },
        "end": { "line": 69, "column": 47 }
      },
      "35": {
        "start": { "line": 70, "column": 10 },
        "end": { "line": 70, "column": 45 }
      },
      "36": {
        "start": { "line": 74, "column": 6 },
        "end": { "line": 74, "column": 50 }
      },
      "37": {
        "start": { "line": 79, "column": 21 },
        "end": { "line": 82, "column": 3 }
      },
      "38": {
        "start": { "line": 80, "column": 4 },
        "end": { "line": 80, "column": 23 }
      },
      "39": {
        "start": { "line": 81, "column": 4 },
        "end": { "line": 81, "column": 30 }
      },
      "40": {
        "start": { "line": 85, "column": 2 },
        "end": { "line": 87, "column": 9 }
      },
      "41": {
        "start": { "line": 86, "column": 4 },
        "end": { "line": 86, "column": 15 }
      },
      "42": {
        "start": { "line": 90, "column": 2 },
        "end": { "line": 107, "column": 4 }
      }
    },
    "fnMap": {
      "0": {
        "name": "(anonymous_0)",
        "decl": {
          "start": { "line": 11, "column": 12 },
          "end": { "line": 11, "column": 13 }
        },
        "loc": {
          "start": { "line": 11, "column": 18 },
          "end": { "line": 11, "column": 20 }
        },
        "line": 11
      },
      "1": {
        "name": "(anonymous_1)",
        "decl": {
          "start": { "line": 12, "column": 14 },
          "end": { "line": 12, "column": 15 }
        },
        "loc": {
          "start": { "line": 12, "column": 20 },
          "end": { "line": 12, "column": 22 }
        },
        "line": 12
      },
      "2": {
        "name": "(anonymous_2)",
        "decl": {
          "start": { "line": 16, "column": 29 },
          "end": { "line": 16, "column": 30 }
        },
        "loc": {
          "start": { "line": 16, "column": 47 },
          "end": { "line": 108, "column": 1 }
        },
        "line": 16
      },
      "3": {
        "name": "(anonymous_3)",
        "decl": {
          "start": { "line": 35, "column": 19 },
          "end": { "line": 35, "column": 20 }
        },
        "loc": {
          "start": { "line": 35, "column": 31 },
          "end": { "line": 76, "column": 3 }
        },
        "line": 35
      },
      "4": {
        "name": "(anonymous_4)",
        "decl": {
          "start": { "line": 79, "column": 21 },
          "end": { "line": 79, "column": 22 }
        },
        "loc": {
          "start": { "line": 79, "column": 27 },
          "end": { "line": 82, "column": 3 }
        },
        "line": 79
      },
      "5": {
        "name": "(anonymous_5)",
        "decl": {
          "start": { "line": 85, "column": 12 },
          "end": { "line": 85, "column": 13 }
        },
        "loc": {
          "start": { "line": 85, "column": 18 },
          "end": { "line": 87, "column": 3 }
        },
        "line": 85
      }
    },
    "branchMap": {
      "0": {
        "loc": {
          "start": { "line": 40, "column": 6 },
          "end": { "line": 72, "column": 7 }
        },
        "type": "if",
        "locations": [
          {
            "start": { "line": 40, "column": 6 },
            "end": { "line": 72, "column": 7 }
          },
          {
            "start": { "line": 43, "column": 13 },
            "end": { "line": 72, "column": 7 }
          }
        ],
        "line": 40
      },
      "1": {
        "loc": {
          "start": { "line": 40, "column": 10 },
          "end": { "line": 40, "column": 28 }
        },
        "type": "binary-expr",
        "locations": [
          {
            "start": { "line": 40, "column": 10 },
            "end": { "line": 40, "column": 16 }
          },
          {
            "start": { "line": 40, "column": 20 },
            "end": { "line": 40, "column": 28 }
          }
        ],
        "line": 40
      },
      "2": {
        "loc": {
          "start": { "line": 45, "column": 8 },
          "end": { "line": 47, "column": 9 }
        },
        "type": "if",
        "locations": [
          {
            "start": { "line": 45, "column": 8 },
            "end": { "line": 47, "column": 9 }
          },
          { "start": {}, "end": {} }
        ],
        "line": 45
      },
      "3": {
        "loc": {
          "start": { "line": 51, "column": 8 },
          "end": { "line": 61, "column": 9 }
        },
        "type": "if",
        "locations": [
          {
            "start": { "line": 51, "column": 8 },
            "end": { "line": 61, "column": 9 }
          },
          {
            "start": { "line": 56, "column": 15 },
            "end": { "line": 61, "column": 9 }
          }
        ],
        "line": 51
      },
      "4": {
        "loc": {
          "start": { "line": 56, "column": 15 },
          "end": { "line": 61, "column": 9 }
        },
        "type": "if",
        "locations": [
          {
            "start": { "line": 56, "column": 15 },
            "end": { "line": 61, "column": 9 }
          },
          { "start": {}, "end": {} }
        ],
        "line": 56
      },
      "5": {
        "loc": {
          "start": { "line": 63, "column": 8 },
          "end": { "line": 71, "column": 9 }
        },
        "type": "if",
        "locations": [
          {
            "start": { "line": 63, "column": 8 },
            "end": { "line": 71, "column": 9 }
          },
          { "start": {}, "end": {} }
        ],
        "line": 63
      },
      "6": {
        "loc": {
          "start": { "line": 65, "column": 10 },
          "end": { "line": 67, "column": 11 }
        },
        "type": "if",
        "locations": [
          {
            "start": { "line": 65, "column": 10 },
            "end": { "line": 67, "column": 11 }
          },
          { "start": {}, "end": {} }
        ],
        "line": 65
      }
    },
    "s": {
      "0": 7,
      "1": 7,
      "2": 1,
      "3": 1,
      "4": 1,
      "5": 1,
      "6": 1,
      "7": 1,
      "8": 1,
      "9": 0,
      "10": 0,
      "11": 0,
      "12": 0,
      "13": 0,
      "14": 0,
      "15": 0,
      "16": 0,
      "17": 0,
      "18": 0,
      "19": 0,
      "20": 0,
      "21": 0,
      "22": 0,
      "23": 0,
      "24": 0,
      "25": 0,
      "26": 0,
      "27": 0,
      "28": 0,
      "29": 0,
      "30": 0,
      "31": 0,
      "32": 0,
      "33": 0,
      "34": 0,
      "35": 0,
      "36": 0,
      "37": 1,
      "38": 0,
      "39": 0,
      "40": 1,
      "41": 0,
      "42": 1
    },
    "f": { "0": 0, "1": 0, "2": 1, "3": 0, "4": 0, "5": 0 },
    "b": {
      "0": [0, 0],
      "1": [0, 0],
      "2": [0, 0],
      "3": [0, 0],
      "4": [0, 0],
      "5": [0, 0],
      "6": [0, 0]
    },
    "_coverageSchema": "1a1c01bbd47fc00a2c39e90264f33305004495a9",
    "hash": "49cdf59a857e39affb5d4a53c15eb15d89129209"
  },
  "C:\\Users\\maihe\\OneDrive\\Skrivebord\\pg6301\\pg6301eksamen-MaiHenry\\client\\components\\apiRequests\\deleteJSON.jsx": {
    "path": "C:\\Users\\maihe\\OneDrive\\Skrivebord\\pg6301\\pg6301eksamen-MaiHenry\\client\\components\\apiRequests\\deleteJSON.jsx",
    "statementMap": {
      "0": {
        "start": { "line": 2, "column": 19 },
        "end": { "line": 2, "column": 57 }
      },
      "1": {
        "start": { "line": 3, "column": 2 },
        "end": { "line": 5, "column": 3 }
      },
      "2": {
        "start": { "line": 4, "column": 4 },
        "end": { "line": 4, "column": 62 }
      },
      "3": {
        "start": { "line": 6, "column": 2 },
        "end": { "line": 8, "column": 39 }
      }
    },
    "fnMap": {
      "0": {
        "name": "deleteJSON",
        "decl": {
          "start": { "line": 1, "column": 22 },
          "end": { "line": 1, "column": 32 }
        },
        "loc": {
          "start": { "line": 1, "column": 38 },
          "end": { "line": 9, "column": 1 }
        },
        "line": 1
      }
    },
    "branchMap": {
      "0": {
        "loc": {
          "start": { "line": 3, "column": 2 },
          "end": { "line": 5, "column": 3 }
        },
        "type": "if",
        "locations": [
          {
            "start": { "line": 3, "column": 2 },
            "end": { "line": 5, "column": 3 }
          },
          { "start": {}, "end": {} }
        ],
        "line": 3
      },
      "1": {
        "loc": {
          "start": { "line": 6, "column": 9 },
          "end": { "line": 8, "column": 38 }
        },
        "type": "cond-expr",
        "locations": [
          {
            "start": { "line": 7, "column": 6 },
            "end": { "line": 7, "column": 21 }
          },
          {
            "start": { "line": 8, "column": 6 },
            "end": { "line": 8, "column": 38 }
          }
        ],
        "line": 6
      }
    },
    "s": { "0": 1, "1": 1, "2": 0, "3": 1 },
    "f": { "0": 1 },
    "b": { "0": [0, 1], "1": [1, 0] },
    "_coverageSchema": "1a1c01bbd47fc00a2c39e90264f33305004495a9",
    "hash": "d5b9f01598ee8daf1a5608dcc5cea5f6d08176e3"
  },
  "C:\\Users\\maihe\\OneDrive\\Skrivebord\\pg6301\\pg6301eksamen-MaiHenry\\client\\components\\apiRequests\\fetchJSON.jsx": {
    "path": "C:\\Users\\maihe\\OneDrive\\Skrivebord\\pg6301\\pg6301eksamen-MaiHenry\\client\\components\\apiRequests\\fetchJSON.jsx",
    "statementMap": {
      "0": {
        "start": { "line": 2, "column": 14 },
        "end": { "line": 2, "column": 31 }
      },
      "1": {
        "start": { "line": 3, "column": 2 },
        "end": { "line": 5, "column": 3 }
      },
      "2": {
        "start": { "line": 4, "column": 4 },
        "end": { "line": 4, "column": 66 }
      },
      "3": {
        "start": { "line": 6, "column": 2 },
        "end": { "line": 6, "column": 26 }
      }
    },
    "fnMap": {
      "0": {
        "name": "fetchJSON",
        "decl": {
          "start": { "line": 1, "column": 22 },
          "end": { "line": 1, "column": 31 }
        },
        "loc": {
          "start": { "line": 1, "column": 38 },
          "end": { "line": 7, "column": 1 }
        },
        "line": 1
      }
    },
    "branchMap": {
      "0": {
        "loc": {
          "start": { "line": 3, "column": 2 },
          "end": { "line": 5, "column": 3 }
        },
        "type": "if",
        "locations": [
          {
            "start": { "line": 3, "column": 2 },
            "end": { "line": 5, "column": 3 }
          },
          { "start": {}, "end": {} }
        ],
        "line": 3
      }
    },
    "s": { "0": 2, "1": 1, "2": 0, "3": 1 },
    "f": { "0": 2 },
    "b": { "0": [0, 1] },
    "_coverageSchema": "1a1c01bbd47fc00a2c39e90264f33305004495a9",
    "hash": "206a4814a771df44943c9ebd8a05689aee9b7f9f"
  },
  "C:\\Users\\maihe\\OneDrive\\Skrivebord\\pg6301\\pg6301eksamen-MaiHenry\\client\\components\\apiRequests\\postJSON.jsx": {
    "path": "C:\\Users\\maihe\\OneDrive\\Skrivebord\\pg6301\\pg6301eksamen-MaiHenry\\client\\components\\apiRequests\\postJSON.jsx",
    "statementMap": {
      "0": {
        "start": { "line": 2, "column": 19 },
        "end": { "line": 6, "column": 4 }
      },
      "1": {
        "start": { "line": 7, "column": 2 },
        "end": { "line": 9, "column": 3 }
      },
      "2": {
        "start": { "line": 8, "column": 4 },
        "end": { "line": 8, "column": 62 }
      },
      "3": {
        "start": { "line": 10, "column": 2 },
        "end": { "line": 10, "column": 31 }
      }
    },
    "fnMap": {
      "0": {
        "name": "postJSON",
        "decl": {
          "start": { "line": 1, "column": 22 },
          "end": { "line": 1, "column": 30 }
        },
        "loc": {
          "start": { "line": 1, "column": 42 },
          "end": { "line": 11, "column": 1 }
        },
        "line": 1
      }
    },
    "branchMap": {
      "0": {
        "loc": {
          "start": { "line": 7, "column": 2 },
          "end": { "line": 9, "column": 3 }
        },
        "type": "if",
        "locations": [
          {
            "start": { "line": 7, "column": 2 },
            "end": { "line": 9, "column": 3 }
          },
          { "start": {}, "end": {} }
        ],
        "line": 7
      }
    },
    "s": { "0": 1, "1": 1, "2": 0, "3": 1 },
    "f": { "0": 1 },
    "b": { "0": [0, 1] },
    "_coverageSchema": "1a1c01bbd47fc00a2c39e90264f33305004495a9",
    "hash": "09a7845f8e217c7415d4615c459675699a882f54"
  },
  "C:\\Users\\maihe\\OneDrive\\Skrivebord\\pg6301\\pg6301eksamen-MaiHenry\\client\\components\\apiRequests\\putJSON.jsx": {
    "path": "C:\\Users\\maihe\\OneDrive\\Skrivebord\\pg6301\\pg6301eksamen-MaiHenry\\client\\components\\apiRequests\\putJSON.jsx",
    "statementMap": {
      "0": {
        "start": { "line": 2, "column": 19 },
        "end": { "line": 6, "column": 4 }
      },
      "1": {
        "start": { "line": 7, "column": 2 },
        "end": { "line": 9, "column": 3 }
      },
      "2": {
        "start": { "line": 8, "column": 4 },
        "end": { "line": 8, "column": 62 }
      },
      "3": {
        "start": { "line": 10, "column": 2 },
        "end": { "line": 10, "column": 31 }
      }
    },
    "fnMap": {
      "0": {
        "name": "putJSON",
        "decl": {
          "start": { "line": 1, "column": 22 },
          "end": { "line": 1, "column": 29 }
        },
        "loc": {
          "start": { "line": 1, "column": 41 },
          "end": { "line": 11, "column": 1 }
        },
        "line": 1
      }
    },
    "branchMap": {
      "0": {
        "loc": {
          "start": { "line": 7, "column": 2 },
          "end": { "line": 9, "column": 3 }
        },
        "type": "if",
        "locations": [
          {
            "start": { "line": 7, "column": 2 },
            "end": { "line": 9, "column": 3 }
          },
          { "start": {}, "end": {} }
        ],
        "line": 7
      }
    },
    "s": { "0": 1, "1": 1, "2": 0, "3": 1 },
    "f": { "0": 1 },
    "b": { "0": [0, 1] },
    "_coverageSchema": "1a1c01bbd47fc00a2c39e90264f33305004495a9",
    "hash": "5a3e4bb747ed0753a20759b966b60dfcd7abb8b4"
  },
  "C:\\Users\\maihe\\OneDrive\\Skrivebord\\pg6301\\pg6301eksamen-MaiHenry\\client\\components\\login\\LoginFooter.jsx": {
    "path": "C:\\Users\\maihe\\OneDrive\\Skrivebord\\pg6301\\pg6301eksamen-MaiHenry\\client\\components\\login\\LoginFooter.jsx",
    "statementMap": {
      "0": {
        "start": { "line": 7, "column": 19 },
        "end": { "line": 7, "column": 32 }
      },
      "1": {
        "start": { "line": 8, "column": 44 },
        "end": { "line": 8, "column": 68 }
      },
      "2": {
        "start": { "line": 11, "column": 4 },
        "end": { "line": 11, "column": 23 }
      },
      "3": {
        "start": { "line": 12, "column": 16 },
        "end": { "line": 14, "column": 6 }
      },
      "4": {
        "start": { "line": 15, "column": 4 },
        "end": { "line": 17, "column": 5 }
      },
      "5": {
        "start": { "line": 16, "column": 6 },
        "end": { "line": 16, "column": 61 }
      },
      "6": {
        "start": { "line": 18, "column": 4 },
        "end": { "line": 18, "column": 17 }
      },
      "7": {
        "start": { "line": 19, "column": 4 },
        "end": { "line": 19, "column": 18 }
      },
      "8": {
        "start": { "line": 24, "column": 2 },
        "end": { "line": 40, "column": 3 }
      },
      "9": {
        "start": { "line": 25, "column": 4 },
        "end": { "line": 37, "column": 6 }
      },
      "10": {
        "start": { "line": 39, "column": 4 },
        "end": { "line": 39, "column": 59 }
      },
      "11": {
        "start": { "line": 42, "column": 2 },
        "end": { "line": 42, "column": 23 }
      }
    },
    "fnMap": {
      "0": {
        "name": "LoginFooter",
        "decl": {
          "start": { "line": 6, "column": 16 },
          "end": { "line": 6, "column": 27 }
        },
        "loc": {
          "start": { "line": 6, "column": 30 },
          "end": { "line": 43, "column": 1 }
        },
        "line": 6
      },
      "1": {
        "name": "handleSubmitLogout",
        "decl": {
          "start": { "line": 10, "column": 17 },
          "end": { "line": 10, "column": 35 }
        },
        "loc": {
          "start": { "line": 10, "column": 39 },
          "end": { "line": 20, "column": 3 }
        },
        "line": 10
      }
    },
    "branchMap": {
      "0": {
        "loc": {
          "start": { "line": 15, "column": 4 },
          "end": { "line": 17, "column": 5 }
        },
        "type": "if",
        "locations": [
          {
            "start": { "line": 15, "column": 4 },
            "end": { "line": 17, "column": 5 }
          },
          { "start": {}, "end": {} }
        ],
        "line": 15
      },
      "1": {
        "loc": {
          "start": { "line": 24, "column": 2 },
          "end": { "line": 40, "column": 3 }
        },
        "type": "if",
        "locations": [
          {
            "start": { "line": 24, "column": 2 },
            "end": { "line": 40, "column": 3 }
          },
          {
            "start": { "line": 38, "column": 9 },
            "end": { "line": 40, "column": 3 }
          }
        ],
        "line": 24
      }
    },
    "s": {
      "0": 2,
      "1": 2,
      "2": 0,
      "3": 0,
      "4": 0,
      "5": 0,
      "6": 0,
      "7": 0,
      "8": 2,
      "9": 1,
      "10": 1,
      "11": 2
    },
    "f": { "0": 2, "1": 0 },
    "b": { "0": [0, 0], "1": [1, 1] },
    "_coverageSchema": "1a1c01bbd47fc00a2c39e90264f33305004495a9",
    "hash": "46d693847b28061e97214705345c84f753bcb42c"
  },
  "C:\\Users\\maihe\\OneDrive\\Skrivebord\\pg6301\\pg6301eksamen-MaiHenry\\client\\components\\login\\LoginNavLink.jsx": {
    "path": "C:\\Users\\maihe\\OneDrive\\Skrivebord\\pg6301\\pg6301eksamen-MaiHenry\\client\\components\\login\\LoginNavLink.jsx",
    "statementMap": {
      "0": {
        "start": { "line": 6, "column": 19 },
        "end": { "line": 6, "column": 43 }
      },
      "1": {
        "start": { "line": 9, "column": 2 },
        "end": { "line": 26, "column": 3 }
      },
      "2": {
        "start": { "line": 10, "column": 4 },
        "end": { "line": 25, "column": 6 }
      },
      "3": {
        "start": { "line": 28, "column": 2 },
        "end": { "line": 28, "column": 9 }
      }
    },
    "fnMap": {
      "0": {
        "name": "LoginNavLink",
        "decl": {
          "start": { "line": 5, "column": 16 },
          "end": { "line": 5, "column": 28 }
        },
        "loc": {
          "start": { "line": 5, "column": 31 },
          "end": { "line": 29, "column": 1 }
        },
        "line": 5
      }
    },
    "branchMap": {
      "0": {
        "loc": {
          "start": { "line": 9, "column": 2 },
          "end": { "line": 26, "column": 3 }
        },
        "type": "if",
        "locations": [
          {
            "start": { "line": 9, "column": 2 },
            "end": { "line": 26, "column": 3 }
          },
          { "start": {}, "end": {} }
        ],
        "line": 9
      }
    },
    "s": { "0": 2, "1": 2, "2": 1, "3": 1 },
    "f": { "0": 2 },
    "b": { "0": [1, 1] },
    "_coverageSchema": "1a1c01bbd47fc00a2c39e90264f33305004495a9",
    "hash": "047e29d9e6ef045b087451f0ba8d767678104ded"
  },
  "C:\\Users\\maihe\\OneDrive\\Skrivebord\\pg6301\\pg6301eksamen-MaiHenry\\client\\components\\pages\\AboutPage.jsx": {
    "path": "C:\\Users\\maihe\\OneDrive\\Skrivebord\\pg6301\\pg6301eksamen-MaiHenry\\client\\components\\pages\\AboutPage.jsx",
    "statementMap": {
      "0": {
        "start": { "line": 5, "column": 2 },
        "end": { "line": 81, "column": 4 }
      }
    },
    "fnMap": {
      "0": {
        "name": "AboutPage",
        "decl": {
          "start": { "line": 4, "column": 16 },
          "end": { "line": 4, "column": 25 }
        },
        "loc": {
          "start": { "line": 4, "column": 28 },
          "end": { "line": 82, "column": 1 }
        },
        "line": 4
      }
    },
    "branchMap": {},
    "s": { "0": 1 },
    "f": { "0": 1 },
    "b": {},
    "_coverageSchema": "1a1c01bbd47fc00a2c39e90264f33305004495a9",
    "hash": "aebfb7e7ef17d32c467bebbc74fa10b85c707977"
  },
  "C:\\Users\\maihe\\OneDrive\\Skrivebord\\pg6301\\pg6301eksamen-MaiHenry\\client\\components\\pages\\ChatRoomPage.jsx": {
    "path": "C:\\Users\\maihe\\OneDrive\\Skrivebord\\pg6301\\pg6301eksamen-MaiHenry\\client\\components\\pages\\ChatRoomPage.jsx",
    "statementMap": {
      "0": {
        "start": { "line": 7, "column": 19 },
        "end": { "line": 7, "column": 43 }
      },
      "1": {
        "start": { "line": 9, "column": 21 },
        "end": { "line": 9, "column": 25 }
      },
      "2": {
        "start": { "line": 10, "column": 2 },
        "end": { "line": 17, "column": 3 }
      },
      "3": {
        "start": { "line": 11, "column": 4 },
        "end": { "line": 16, "column": 6 }
      },
      "4": {
        "start": { "line": 13, "column": 31 },
        "end": { "line": 13, "column": 47 }
      },
      "5": {
        "start": { "line": 14, "column": 31 },
        "end": { "line": 14, "column": 49 }
      },
      "6": {
        "start": { "line": 19, "column": 2 },
        "end": { "line": 26, "column": 4 }
      },
      "7": {
        "start": { "line": 23, "column": 29 },
        "end": { "line": 23, "column": 50 }
      },
      "8": {
        "start": { "line": 30, "column": 36 },
        "end": { "line": 30, "column": 48 }
      },
      "9": {
        "start": { "line": 31, "column": 41 },
        "end": { "line": 31, "column": 63 }
      },
      "10": {
        "start": { "line": 32, "column": 19 },
        "end": { "line": 32, "column": 32 }
      },
      "11": {
        "start": { "line": 33, "column": 36 },
        "end": { "line": 33, "column": 50 }
      },
      "12": {
        "start": { "line": 34, "column": 28 },
        "end": { "line": 34, "column": 42 }
      },
      "13": {
        "start": { "line": 35, "column": 26 },
        "end": { "line": 35, "column": 50 }
      },
      "14": {
        "start": { "line": 37, "column": 2 },
        "end": { "line": 48, "column": 23 }
      },
      "15": {
        "start": { "line": 38, "column": 4 },
        "end": { "line": 38, "column": 23 }
      },
      "16": {
        "start": { "line": 39, "column": 4 },
        "end": { "line": 47, "column": 9 }
      },
      "17": {
        "start": { "line": 41, "column": 8 },
        "end": { "line": 41, "column": 27 }
      },
      "18": {
        "start": { "line": 42, "column": 8 },
        "end": { "line": 42, "column": 28 }
      },
      "19": {
        "start": { "line": 45, "column": 8 },
        "end": { "line": 45, "column": 22 }
      },
      "20": {
        "start": { "line": 46, "column": 8 },
        "end": { "line": 46, "column": 28 }
      },
      "21": {
        "start": { "line": 50, "column": 2 },
        "end": { "line": 52, "column": 3 }
      },
      "22": {
        "start": { "line": 51, "column": 4 },
        "end": { "line": 51, "column": 34 }
      },
      "23": {
        "start": { "line": 54, "column": 2 },
        "end": { "line": 56, "column": 3 }
      },
      "24": {
        "start": { "line": 55, "column": 4 },
        "end": { "line": 55, "column": 45 }
      },
      "25": {
        "start": { "line": 58, "column": 27 },
        "end": { "line": 68, "column": 3 }
      },
      "26": {
        "start": { "line": 59, "column": 4 },
        "end": { "line": 67, "column": 9 }
      },
      "27": {
        "start": { "line": 61, "column": 8 },
        "end": { "line": 63, "column": 10 }
      },
      "28": {
        "start": { "line": 62, "column": 10 },
        "end": { "line": 62, "column": 61 }
      },
      "29": {
        "start": { "line": 62, "column": 37 },
        "end": { "line": 62, "column": 60 }
      },
      "30": {
        "start": { "line": 66, "column": 8 },
        "end": { "line": 66, "column": 39 }
      },
      "31": {
        "start": { "line": 70, "column": 27 },
        "end": { "line": 72, "column": 3 }
      },
      "32": {
        "start": { "line": 71, "column": 4 },
        "end": { "line": 71, "column": 24 }
      },
      "33": {
        "start": { "line": 75, "column": 4 },
        "end": { "line": 75, "column": 36 }
      },
      "34": {
        "start": { "line": 78, "column": 20 },
        "end": { "line": 80, "column": 3 }
      },
      "35": {
        "start": { "line": 79, "column": 4 },
        "end": { "line": 79, "column": 40 }
      },
      "36": {
        "start": { "line": 82, "column": 2 },
        "end": { "line": 106, "column": 4 }
      },
      "37": {
        "start": { "line": 88, "column": 10 },
        "end": { "line": 94, "column": 12 }
      },
      "38": {
        "start": { "line": 93, "column": 28 },
        "end": { "line": 93, "column": 54 }
      }
    },
    "fnMap": {
      "0": {
        "name": "ChatRoomCard",
        "decl": {
          "start": { "line": 6, "column": 16 },
          "end": { "line": 6, "column": 28 }
        },
        "loc": {
          "start": { "line": 6, "column": 70 },
          "end": { "line": 27, "column": 1 }
        },
        "line": 6
      },
      "1": {
        "name": "(anonymous_1)",
        "decl": {
          "start": { "line": 13, "column": 25 },
          "end": { "line": 13, "column": 26 }
        },
        "loc": {
          "start": { "line": 13, "column": 31 },
          "end": { "line": 13, "column": 47 }
        },
        "line": 13
      },
      "2": {
        "name": "(anonymous_2)",
        "decl": {
          "start": { "line": 14, "column": 25 },
          "end": { "line": 14, "column": 26 }
        },
        "loc": {
          "start": { "line": 14, "column": 31 },
          "end": { "line": 14, "column": 49 }
        },
        "line": 14
      },
      "3": {
        "name": "(anonymous_3)",
        "decl": {
          "start": { "line": 23, "column": 23 },
          "end": { "line": 23, "column": 24 }
        },
        "loc": {
          "start": { "line": 23, "column": 29 },
          "end": { "line": 23, "column": 50 }
        },
        "line": 23
      },
      "4": {
        "name": "ChatRoomPage",
        "decl": {
          "start": { "line": 29, "column": 16 },
          "end": { "line": 29, "column": 28 }
        },
        "loc": {
          "start": { "line": 29, "column": 31 },
          "end": { "line": 107, "column": 1 }
        },
        "line": 29
      },
      "5": {
        "name": "(anonymous_5)",
        "decl": {
          "start": { "line": 37, "column": 12 },
          "end": { "line": 37, "column": 13 }
        },
        "loc": {
          "start": { "line": 37, "column": 18 },
          "end": { "line": 48, "column": 3 }
        },
        "line": 37
      },
      "6": {
        "name": "(anonymous_6)",
        "decl": {
          "start": { "line": 40, "column": 12 },
          "end": { "line": 40, "column": 13 }
        },
        "loc": {
          "start": { "line": 40, "column": 22 },
          "end": { "line": 43, "column": 7 }
        },
        "line": 40
      },
      "7": {
        "name": "(anonymous_7)",
        "decl": {
          "start": { "line": 44, "column": 13 },
          "end": { "line": 44, "column": 14 }
        },
        "loc": {
          "start": { "line": 44, "column": 22 },
          "end": { "line": 47, "column": 7 }
        },
        "line": 44
      },
      "8": {
        "name": "(anonymous_8)",
        "decl": {
          "start": { "line": 58, "column": 27 },
          "end": { "line": 58, "column": 28 }
        },
        "loc": {
          "start": { "line": 58, "column": 43 },
          "end": { "line": 68, "column": 3 }
        },
        "line": 58
      },
      "9": {
        "name": "(anonymous_9)",
        "decl": {
          "start": { "line": 60, "column": 12 },
          "end": { "line": 60, "column": 13 }
        },
        "loc": {
          "start": { "line": 60, "column": 18 },
          "end": { "line": 64, "column": 7 }
        },
        "line": 60
      },
      "10": {
        "name": "(anonymous_10)",
        "decl": {
          "start": { "line": 61, "column": 21 },
          "end": { "line": 61, "column": 22 }
        },
        "loc": {
          "start": { "line": 62, "column": 10 },
          "end": { "line": 62, "column": 61 }
        },
        "line": 62
      },
      "11": {
        "name": "(anonymous_11)",
        "decl": {
          "start": { "line": 62, "column": 27 },
          "end": { "line": 62, "column": 28 }
        },
        "loc": {
          "start": { "line": 62, "column": 37 },
          "end": { "line": 62, "column": 60 }
        },
        "line": 62
      },
      "12": {
        "name": "(anonymous_12)",
        "decl": {
          "start": { "line": 65, "column": 13 },
          "end": { "line": 65, "column": 14 }
        },
        "loc": {
          "start": { "line": 65, "column": 24 },
          "end": { "line": 67, "column": 7 }
        },
        "line": 65
      },
      "13": {
        "name": "(anonymous_13)",
        "decl": {
          "start": { "line": 70, "column": 27 },
          "end": { "line": 70, "column": 28 }
        },
        "loc": {
          "start": { "line": 70, "column": 33 },
          "end": { "line": 72, "column": 3 }
        },
        "line": 70
      },
      "14": {
        "name": "editRoom",
        "decl": {
          "start": { "line": 74, "column": 11 },
          "end": { "line": 74, "column": 19 }
        },
        "loc": {
          "start": { "line": 74, "column": 32 },
          "end": { "line": 76, "column": 3 }
        },
        "line": 74
      },
      "15": {
        "name": "(anonymous_15)",
        "decl": {
          "start": { "line": 78, "column": 20 },
          "end": { "line": 78, "column": 21 }
        },
        "loc": {
          "start": { "line": 78, "column": 36 },
          "end": { "line": 80, "column": 3 }
        },
        "line": 78
      },
      "16": {
        "name": "(anonymous_16)",
        "decl": {
          "start": { "line": 87, "column": 23 },
          "end": { "line": 87, "column": 24 }
        },
        "loc": {
          "start": { "line": 88, "column": 10 },
          "end": { "line": 94, "column": 12 }
        },
        "line": 88
      },
      "17": {
        "name": "(anonymous_17)",
        "decl": {
          "start": { "line": 93, "column": 22 },
          "end": { "line": 93, "column": 23 }
        },
        "loc": {
          "start": { "line": 93, "column": 28 },
          "end": { "line": 93, "column": 54 }
        },
        "line": 93
      }
    },
    "branchMap": {
      "0": {
        "loc": {
          "start": { "line": 10, "column": 2 },
          "end": { "line": 17, "column": 3 }
        },
        "type": "if",
        "locations": [
          {
            "start": { "line": 10, "column": 2 },
            "end": { "line": 17, "column": 3 }
          },
          { "start": {}, "end": {} }
        ],
        "line": 10
      },
      "1": {
        "loc": {
          "start": { "line": 10, "column": 6 },
          "end": { "line": 10, "column": 43 }
        },
        "type": "binary-expr",
        "locations": [
          {
            "start": { "line": 10, "column": 6 },
            "end": { "line": 10, "column": 10 }
          },
          {
            "start": { "line": 10, "column": 14 },
            "end": { "line": 10, "column": 43 }
          }
        ],
        "line": 10
      },
      "2": {
        "loc": {
          "start": { "line": 50, "column": 2 },
          "end": { "line": 52, "column": 3 }
        },
        "type": "if",
        "locations": [
          {
            "start": { "line": 50, "column": 2 },
            "end": { "line": 52, "column": 3 }
          },
          { "start": {}, "end": {} }
        ],
        "line": 50
      },
      "3": {
        "loc": {
          "start": { "line": 54, "column": 2 },
          "end": { "line": 56, "column": 3 }
        },
        "type": "if",
        "locations": [
          {
            "start": { "line": 54, "column": 2 },
            "end": { "line": 56, "column": 3 }
          },
          { "start": {}, "end": {} }
        ],
        "line": 54
      },
      "4": {
        "loc": {
          "start": { "line": 97, "column": 7 },
          "end": { "line": 104, "column": 7 }
        },
        "type": "binary-expr",
        "locations": [
          {
            "start": { "line": 97, "column": 7 },
            "end": { "line": 97, "column": 34 }
          },
          {
            "start": { "line": 98, "column": 8 },
            "end": { "line": 103, "column": 14 }
          }
        ],
        "line": 97
      }
    },
    "s": {
      "0": 1,
      "1": 1,
      "2": 1,
      "3": 0,
      "4": 0,
      "5": 0,
      "6": 1,
      "7": 0,
      "8": 3,
      "9": 3,
      "10": 3,
      "11": 3,
      "12": 3,
      "13": 3,
      "14": 3,
      "15": 1,
      "16": 1,
      "17": 0,
      "18": 0,
      "19": 1,
      "20": 1,
      "21": 3,
      "22": 2,
      "23": 1,
      "24": 1,
      "25": 0,
      "26": 0,
      "27": 0,
      "28": 0,
      "29": 0,
      "30": 0,
      "31": 0,
      "32": 0,
      "33": 0,
      "34": 0,
      "35": 0,
      "36": 0,
      "37": 0,
      "38": 0
    },
    "f": {
      "0": 1,
      "1": 0,
      "2": 0,
      "3": 0,
      "4": 3,
      "5": 1,
      "6": 0,
      "7": 1,
      "8": 0,
      "9": 0,
      "10": 0,
      "11": 0,
      "12": 0,
      "13": 0,
      "14": 0,
      "15": 0,
      "16": 0,
      "17": 0
    },
    "b": { "0": [0, 1], "1": [1, 0], "2": [2, 1], "3": [1, 0], "4": [0, 0] },
    "_coverageSchema": "1a1c01bbd47fc00a2c39e90264f33305004495a9",
    "hash": "8c7577eb8af54b69d060f65e9bd3e35bc77e3666"
  },
  "C:\\Users\\maihe\\OneDrive\\Skrivebord\\pg6301\\pg6301eksamen-MaiHenry\\client\\components\\pages\\CreateRoomPage.jsx": {
    "path": "C:\\Users\\maihe\\OneDrive\\Skrivebord\\pg6301\\pg6301eksamen-MaiHenry\\client\\components\\pages\\CreateRoomPage.jsx",
    "statementMap": {
      "0": {
        "start": { "line": 8, "column": 25 },
        "end": { "line": 8, "column": 47 }
      },
      "1": {
        "start": { "line": 9, "column": 19 },
        "end": { "line": 9, "column": 32 }
      },
      "2": {
        "start": { "line": 10, "column": 19 },
        "end": { "line": 10, "column": 43 }
      },
      "3": {
        "start": { "line": 12, "column": 26 },
        "end": { "line": 12, "column": 38 }
      },
      "4": {
        "start": { "line": 13, "column": 40 },
        "end": { "line": 13, "column": 52 }
      },
      "5": {
        "start": { "line": 14, "column": 46 },
        "end": { "line": 14, "column": 58 }
      },
      "6": {
        "start": { "line": 15, "column": 42 },
        "end": { "line": 15, "column": 54 }
      },
      "7": {
        "start": { "line": 18, "column": 4 },
        "end": { "line": 18, "column": 27 }
      },
      "8": {
        "start": { "line": 20, "column": 21 },
        "end": { "line": 24, "column": 5 }
      },
      "9": {
        "start": { "line": 26, "column": 4 },
        "end": { "line": 34, "column": 9 }
      },
      "10": {
        "start": { "line": 28, "column": 8 },
        "end": { "line": 28, "column": 43 }
      },
      "11": {
        "start": { "line": 29, "column": 8 },
        "end": { "line": 29, "column": 22 }
      },
      "12": {
        "start": { "line": 32, "column": 8 },
        "end": { "line": 32, "column": 51 }
      },
      "13": {
        "start": { "line": 33, "column": 8 },
        "end": { "line": 33, "column": 50 }
      },
      "14": {
        "start": { "line": 37, "column": 2 },
        "end": { "line": 65, "column": 4 }
      },
      "15": {
        "start": { "line": 47, "column": 27 },
        "end": { "line": 47, "column": 50 }
      },
      "16": {
        "start": { "line": 57, "column": 27 },
        "end": { "line": 57, "column": 57 }
      }
    },
    "fnMap": {
      "0": {
        "name": "CreateRoomPage",
        "decl": {
          "start": { "line": 7, "column": 16 },
          "end": { "line": 7, "column": 30 }
        },
        "loc": {
          "start": { "line": 7, "column": 33 },
          "end": { "line": 66, "column": 1 }
        },
        "line": 7
      },
      "1": {
        "name": "handleSubmit",
        "decl": {
          "start": { "line": 17, "column": 11 },
          "end": { "line": 17, "column": 23 }
        },
        "loc": {
          "start": { "line": 17, "column": 31 },
          "end": { "line": 35, "column": 3 }
        },
        "line": 17
      },
      "2": {
        "name": "(anonymous_2)",
        "decl": {
          "start": { "line": 27, "column": 12 },
          "end": { "line": 27, "column": 13 }
        },
        "loc": {
          "start": { "line": 27, "column": 18 },
          "end": { "line": 30, "column": 7 }
        },
        "line": 27
      },
      "3": {
        "name": "(anonymous_3)",
        "decl": {
          "start": { "line": 31, "column": 13 },
          "end": { "line": 31, "column": 14 }
        },
        "loc": {
          "start": { "line": 31, "column": 24 },
          "end": { "line": 34, "column": 7 }
        },
        "line": 31
      },
      "4": {
        "name": "(anonymous_4)",
        "decl": {
          "start": { "line": 47, "column": 20 },
          "end": { "line": 47, "column": 21 }
        },
        "loc": {
          "start": { "line": 47, "column": 27 },
          "end": { "line": 47, "column": 50 }
        },
        "line": 47
      },
      "5": {
        "name": "(anonymous_5)",
        "decl": {
          "start": { "line": 57, "column": 20 },
          "end": { "line": 57, "column": 21 }
        },
        "loc": {
          "start": { "line": 57, "column": 27 },
          "end": { "line": 57, "column": 57 }
        },
        "line": 57
      }
    },
    "branchMap": {
      "0": {
        "loc": {
          "start": { "line": 23, "column": 14 },
          "end": { "line": 23, "column": 30 }
        },
        "type": "binary-expr",
        "locations": [
          {
            "start": { "line": 23, "column": 14 },
            "end": { "line": 23, "column": 18 }
          },
          {
            "start": { "line": 23, "column": 22 },
            "end": { "line": 23, "column": 30 }
          }
        ],
        "line": 23
      },
      "1": {
        "loc": {
          "start": { "line": 62, "column": 7 },
          "end": { "line": 62, "column": 52 }
        },
        "type": "binary-expr",
        "locations": [
          {
            "start": { "line": 62, "column": 7 },
            "end": { "line": 62, "column": 21 }
          },
          {
            "start": { "line": 62, "column": 25 },
            "end": { "line": 62, "column": 52 }
          }
        ],
        "line": 62
      },
      "2": {
        "loc": {
          "start": { "line": 63, "column": 7 },
          "end": { "line": 63, "column": 48 }
        },
        "type": "binary-expr",
        "locations": [
          {
            "start": { "line": 63, "column": 7 },
            "end": { "line": 63, "column": 19 }
          },
          {
            "start": { "line": 63, "column": 23 },
            "end": { "line": 63, "column": 48 }
          }
        ],
        "line": 63
      }
    },
    "s": {
      "0": 2,
      "1": 2,
      "2": 2,
      "3": 2,
      "4": 2,
      "5": 2,
      "6": 2,
      "7": 0,
      "8": 0,
      "9": 0,
      "10": 0,
      "11": 0,
      "12": 0,
      "13": 0,
      "14": 2,
      "15": 0,
      "16": 0
    },
    "f": { "0": 2, "1": 0, "2": 0, "3": 0, "4": 0, "5": 0 },
    "b": { "0": [0, 0], "1": [2, 0], "2": [2, 0] },
    "_coverageSchema": "1a1c01bbd47fc00a2c39e90264f33305004495a9",
    "hash": "589089a0d5e21c6fb3e4d4a6bcc0cb036a8a83fc"
  },
  "C:\\Users\\maihe\\OneDrive\\Skrivebord\\pg6301\\pg6301eksamen-MaiHenry\\client\\components\\pages\\EditChatRoomPage.jsx": {
    "path": "C:\\Users\\maihe\\OneDrive\\Skrivebord\\pg6301\\pg6301eksamen-MaiHenry\\client\\components\\pages\\EditChatRoomPage.jsx",
    "statementMap": {
      "0": {
        "start": { "line": 7, "column": 48 },
        "end": { "line": 7, "column": 70 }
      },
      "1": {
        "start": { "line": 8, "column": 19 },
        "end": { "line": 8, "column": 43 }
      },
      "2": {
        "start": { "line": 9, "column": 19 },
        "end": { "line": 9, "column": 32 }
      },
      "3": {
        "start": { "line": 10, "column": 25 },
        "end": { "line": 10, "column": 36 }
      },
      "4": {
        "start": { "line": 12, "column": 26 },
        "end": { "line": 12, "column": 38 }
      },
      "5": {
        "start": { "line": 13, "column": 40 },
        "end": { "line": 13, "column": 52 }
      },
      "6": {
        "start": { "line": 15, "column": 2 },
        "end": { "line": 26, "column": 38 }
      },
      "7": {
        "start": { "line": 16, "column": 4 },
        "end": { "line": 25, "column": 5 }
      },
      "8": {
        "start": { "line": 17, "column": 6 },
        "end": { "line": 24, "column": 11 }
      },
      "9": {
        "start": { "line": 19, "column": 10 },
        "end": { "line": 19, "column": 29 }
      },
      "10": {
        "start": { "line": 20, "column": 10 },
        "end": { "line": 20, "column": 43 }
      },
      "11": {
        "start": { "line": 23, "column": 10 },
        "end": { "line": 23, "column": 59 }
      },
      "12": {
        "start": { "line": 28, "column": 23 },
        "end": { "line": 40, "column": 3 }
      },
      "13": {
        "start": { "line": 29, "column": 4 },
        "end": { "line": 29, "column": 27 }
      },
      "14": {
        "start": { "line": 30, "column": 4 },
        "end": { "line": 39, "column": 5 }
      },
      "15": {
        "start": { "line": 31, "column": 6 },
        "end": { "line": 35, "column": 9 }
      },
      "16": {
        "start": { "line": 36, "column": 6 },
        "end": { "line": 36, "column": 20 }
      },
      "17": {
        "start": { "line": 38, "column": 6 },
        "end": { "line": 38, "column": 51 }
      },
      "18": {
        "start": { "line": 42, "column": 2 },
        "end": { "line": 62, "column": 4 }
      },
      "19": {
        "start": { "line": 50, "column": 27 },
        "end": { "line": 50, "column": 50 }
      },
      "20": {
        "start": { "line": 57, "column": 27 },
        "end": { "line": 57, "column": 57 }
      }
    },
    "fnMap": {
      "0": {
        "name": "EditChatRoomPage",
        "decl": {
          "start": { "line": 6, "column": 16 },
          "end": { "line": 6, "column": 32 }
        },
        "loc": {
          "start": { "line": 6, "column": 35 },
          "end": { "line": 63, "column": 1 }
        },
        "line": 6
      },
      "1": {
        "name": "(anonymous_1)",
        "decl": {
          "start": { "line": 15, "column": 12 },
          "end": { "line": 15, "column": 13 }
        },
        "loc": {
          "start": { "line": 15, "column": 18 },
          "end": { "line": 26, "column": 3 }
        },
        "line": 15
      },
      "2": {
        "name": "(anonymous_2)",
        "decl": {
          "start": { "line": 18, "column": 14 },
          "end": { "line": 18, "column": 15 }
        },
        "loc": {
          "start": { "line": 18, "column": 24 },
          "end": { "line": 21, "column": 9 }
        },
        "line": 18
      },
      "3": {
        "name": "(anonymous_3)",
        "decl": {
          "start": { "line": 22, "column": 15 },
          "end": { "line": 22, "column": 16 }
        },
        "loc": {
          "start": { "line": 22, "column": 26 },
          "end": { "line": 24, "column": 9 }
        },
        "line": 22
      },
      "4": {
        "name": "(anonymous_4)",
        "decl": {
          "start": { "line": 28, "column": 23 },
          "end": { "line": 28, "column": 24 }
        },
        "loc": {
          "start": { "line": 28, "column": 40 },
          "end": { "line": 40, "column": 3 }
        },
        "line": 28
      },
      "5": {
        "name": "(anonymous_5)",
        "decl": {
          "start": { "line": 50, "column": 20 },
          "end": { "line": 50, "column": 21 }
        },
        "loc": {
          "start": { "line": 50, "column": 27 },
          "end": { "line": 50, "column": 50 }
        },
        "line": 50
      },
      "6": {
        "name": "(anonymous_6)",
        "decl": {
          "start": { "line": 57, "column": 20 },
          "end": { "line": 57, "column": 21 }
        },
        "loc": {
          "start": { "line": 57, "column": 27 },
          "end": { "line": 57, "column": 57 }
        },
        "line": 57
      }
    },
    "branchMap": {
      "0": {
        "loc": {
          "start": { "line": 16, "column": 4 },
          "end": { "line": 25, "column": 5 }
        },
        "type": "if",
        "locations": [
          {
            "start": { "line": 16, "column": 4 },
            "end": { "line": 25, "column": 5 }
          },
          { "start": {}, "end": {} }
        ],
        "line": 16
      }
    },
    "s": {
      "0": 1,
      "1": 1,
      "2": 1,
      "3": 1,
      "4": 1,
      "5": 1,
      "6": 1,
      "7": 1,
      "8": 0,
      "9": 0,
      "10": 0,
      "11": 0,
      "12": 1,
      "13": 0,
      "14": 0,
      "15": 0,
      "16": 0,
      "17": 0,
      "18": 1,
      "19": 0,
      "20": 0
    },
    "f": { "0": 1, "1": 1, "2": 0, "3": 0, "4": 0, "5": 0, "6": 0 },
    "b": { "0": [0, 1] },
    "_coverageSchema": "1a1c01bbd47fc00a2c39e90264f33305004495a9",
    "hash": "0b49770b496d6698d276ecfbb9eb5a51b4714b04"
  },
  "C:\\Users\\maihe\\OneDrive\\Skrivebord\\pg6301\\pg6301eksamen-MaiHenry\\client\\components\\pages\\ProfilePage.jsx": {
    "path": "C:\\Users\\maihe\\OneDrive\\Skrivebord\\pg6301\\pg6301eksamen-MaiHenry\\client\\components\\pages\\ProfilePage.jsx",
    "statementMap": {
      "0": {
        "start": { "line": 8, "column": 19 },
        "end": { "line": 8, "column": 32 }
      },
      "1": {
        "start": { "line": 10, "column": 4 },
        "end": { "line": 10, "column": 28 }
      },
      "2": {
        "start": { "line": 11, "column": 44 },
        "end": { "line": 11, "column": 64 }
      },
      "3": {
        "start": { "line": 12, "column": 42 },
        "end": { "line": 12, "column": 61 }
      },
      "4": {
        "start": { "line": 13, "column": 44 },
        "end": { "line": 13, "column": 59 }
      },
      "5": {
        "start": { "line": 15, "column": 23 },
        "end": { "line": 33, "column": 3 }
      },
      "6": {
        "start": { "line": 16, "column": 4 },
        "end": { "line": 16, "column": 23 }
      },
      "7": {
        "start": { "line": 17, "column": 4 },
        "end": { "line": 32, "column": 5 }
      },
      "8": {
        "start": { "line": 18, "column": 6 },
        "end": { "line": 21, "column": 9 }
      },
      "9": {
        "start": { "line": 22, "column": 6 },
        "end": { "line": 22, "column": 17 }
      },
      "10": {
        "start": { "line": 23, "column": 6 },
        "end": { "line": 25, "column": 9 }
      },
      "11": {
        "start": { "line": 27, "column": 6 },
        "end": { "line": 27, "column": 29 }
      },
      "12": {
        "start": { "line": 28, "column": 6 },
        "end": { "line": 28, "column": 38 }
      },
      "13": {
        "start": { "line": 29, "column": 6 },
        "end": { "line": 29, "column": 36 }
      },
      "14": {
        "start": { "line": 31, "column": 6 },
        "end": { "line": 31, "column": 53 }
      },
      "15": {
        "start": { "line": 36, "column": 4 },
        "end": { "line": 36, "column": 23 }
      },
      "16": {
        "start": { "line": 37, "column": 16 },
        "end": { "line": 39, "column": 6 }
      },
      "17": {
        "start": { "line": 40, "column": 4 },
        "end": { "line": 42, "column": 5 }
      },
      "18": {
        "start": { "line": 41, "column": 6 },
        "end": { "line": 41, "column": 61 }
      },
      "19": {
        "start": { "line": 43, "column": 4 },
        "end": { "line": 43, "column": 17 }
      },
      "20": {
        "start": { "line": 44, "column": 4 },
        "end": { "line": 44, "column": 18 }
      },
      "21": {
        "start": { "line": 47, "column": 2 },
        "end": { "line": 49, "column": 3 }
      },
      "22": {
        "start": { "line": 48, "column": 4 },
        "end": { "line": 48, "column": 29 }
      },
      "23": {
        "start": { "line": 51, "column": 2 },
        "end": { "line": 111, "column": 4 }
      },
      "24": {
        "start": { "line": 88, "column": 31 },
        "end": { "line": 88, "column": 63 }
      },
      "25": {
        "start": { "line": 97, "column": 31 },
        "end": { "line": 97, "column": 62 }
      }
    },
    "fnMap": {
      "0": {
        "name": "ProfilePage",
        "decl": {
          "start": { "line": 7, "column": 16 },
          "end": { "line": 7, "column": 27 }
        },
        "loc": {
          "start": { "line": 7, "column": 30 },
          "end": { "line": 112, "column": 1 }
        },
        "line": 7
      },
      "1": {
        "name": "(anonymous_1)",
        "decl": {
          "start": { "line": 15, "column": 23 },
          "end": { "line": 15, "column": 24 }
        },
        "loc": {
          "start": { "line": 15, "column": 36 },
          "end": { "line": 33, "column": 3 }
        },
        "line": 15
      },
      "2": {
        "name": "handleSubmitLogout",
        "decl": {
          "start": { "line": 35, "column": 17 },
          "end": { "line": 35, "column": 35 }
        },
        "loc": {
          "start": { "line": 35, "column": 39 },
          "end": { "line": 45, "column": 3 }
        },
        "line": 35
      },
      "3": {
        "name": "(anonymous_3)",
        "decl": {
          "start": { "line": 88, "column": 24 },
          "end": { "line": 88, "column": 25 }
        },
        "loc": {
          "start": { "line": 88, "column": 31 },
          "end": { "line": 88, "column": 63 }
        },
        "line": 88
      },
      "4": {
        "name": "(anonymous_4)",
        "decl": {
          "start": { "line": 97, "column": 24 },
          "end": { "line": 97, "column": 25 }
        },
        "loc": {
          "start": { "line": 97, "column": 31 },
          "end": { "line": 97, "column": 62 }
        },
        "line": 97
      }
    },
    "branchMap": {
      "0": {
        "loc": {
          "start": { "line": 40, "column": 4 },
          "end": { "line": 42, "column": 5 }
        },
        "type": "if",
        "locations": [
          {
            "start": { "line": 40, "column": 4 },
            "end": { "line": 42, "column": 5 }
          },
          { "start": {}, "end": {} }
        ],
        "line": 40
      },
      "1": {
        "loc": {
          "start": { "line": 47, "column": 2 },
          "end": { "line": 49, "column": 3 }
        },
        "type": "if",
        "locations": [
          {
            "start": { "line": 47, "column": 2 },
            "end": { "line": 49, "column": 3 }
          },
          { "start": {}, "end": {} }
        ],
        "line": 47
      },
      "2": {
        "loc": {
          "start": { "line": 56, "column": 9 },
          "end": { "line": 65, "column": 9 }
        },
        "type": "cond-expr",
        "locations": [
          {
            "start": { "line": 58, "column": 10 },
            "end": { "line": 60, "column": 14 }
          },
          {
            "start": { "line": 62, "column": 10 },
            "end": { "line": 64, "column": 16 }
          }
        ],
        "line": 56
      },
      "3": {
        "loc": {
          "start": { "line": 56, "column": 9 },
          "end": { "line": 57, "column": 28 }
        },
        "type": "binary-expr",
        "locations": [
          {
            "start": { "line": 56, "column": 9 },
            "end": { "line": 56, "column": 76 }
          },
          {
            "start": { "line": 57, "column": 8 },
            "end": { "line": 57, "column": 28 }
          }
        ],
        "line": 56
      },
      "4": {
        "loc": {
          "start": { "line": 73, "column": 41 },
          "end": { "line": 73, "column": 57 }
        },
        "type": "binary-expr",
        "locations": [
          {
            "start": { "line": 73, "column": 41 },
            "end": { "line": 73, "column": 51 }
          },
          {
            "start": { "line": 73, "column": 55 },
            "end": { "line": 73, "column": 57 }
          }
        ],
        "line": 73
      },
      "5": {
        "loc": {
          "start": { "line": 76, "column": 40 },
          "end": { "line": 76, "column": 55 }
        },
        "type": "binary-expr",
        "locations": [
          {
            "start": { "line": 76, "column": 40 },
            "end": { "line": 76, "column": 49 }
          },
          {
            "start": { "line": 76, "column": 53 },
            "end": { "line": 76, "column": 55 }
          }
        ],
        "line": 76
      },
      "6": {
        "loc": {
          "start": { "line": 102, "column": 11 },
          "end": { "line": 102, "column": 63 }
        },
        "type": "binary-expr",
        "locations": [
          {
            "start": { "line": 102, "column": 11 },
            "end": { "line": 102, "column": 24 }
          },
          {
            "start": { "line": 102, "column": 28 },
            "end": { "line": 102, "column": 63 }
          }
        ],
        "line": 102
      }
    },
    "s": {
      "0": 3,
      "1": 3,
      "2": 3,
      "3": 3,
      "4": 3,
      "5": 3,
      "6": 0,
      "7": 0,
      "8": 0,
      "9": 0,
      "10": 0,
      "11": 0,
      "12": 0,
      "13": 0,
      "14": 0,
      "15": 0,
      "16": 0,
      "17": 0,
      "18": 0,
      "19": 0,
      "20": 0,
      "21": 3,
      "22": 1,
      "23": 2,
      "24": 0,
      "25": 0
    },
    "f": { "0": 3, "1": 0, "2": 0, "3": 0, "4": 0 },
    "b": {
      "0": [0, 0],
      "1": [1, 2],
      "2": [2, 0],
      "3": [2, 2],
      "4": [2, 0],
      "5": [2, 0],
      "6": [2, 0]
    },
    "_coverageSchema": "1a1c01bbd47fc00a2c39e90264f33305004495a9",
    "hash": "cde3451dc1e62d60b5341b514113ee05bc6ea0e1"
  }
}
