TN:
SF:ApiContext.jsx
FN:9,(anonymous_0)
FN:12,(anonymous_1)
FN:15,(anonymous_2)
FN:18,(anonymous_3)
FN:21,(anonymous_4)
FN:26,(anonymous_5)
FN:29,(anonymous_6)
FNF:7
FNH:1
FNDA:1,(anonymous_0)
FNDA:0,(anonymous_1)
FNDA:0,(anonymous_2)
FNDA:0,(anonymous_3)
FNDA:0,(anonymous_4)
FNDA:0,(anonymous_5)
FNDA:0,(anonymous_6)
DA:7,4
DA:10,1
DA:13,0
DA:16,0
DA:19,0
DA:22,0
DA:27,0
DA:30,0
LF:8
LH:2
BRF:0
BRH:0
end_of_record
TN:
SF:LoginContext.jsx
FN:11,(anonymous_0)
FN:12,(anonymous_1)
FN:16,(anonymous_2)
FN:35,(anonymous_3)
FN:79,(anonymous_4)
FN:85,(anonymous_5)
FNF:6
FNH:1
FNDA:0,(anonymous_0)
FNDA:0,(anonymous_1)
FNDA:1,(anonymous_2)
FNDA:0,(anonymous_3)
FNDA:0,(anonymous_4)
FNDA:0,(anonymous_5)
DA:4,5
DA:16,5
DA:17,1
DA:18,1
DA:19,1
DA:20,1
DA:21,1
DA:24,1
DA:35,1
DA:36,0
DA:37,0
DA:38,0
DA:40,0
DA:41,0
DA:42,0
DA:44,0
DA:45,0
DA:46,0
DA:48,0
DA:51,0
DA:52,0
DA:53,0
DA:54,0
DA:55,0
DA:56,0
DA:57,0
DA:58,0
DA:59,0
DA:60,0
DA:63,0
DA:64,0
DA:65,0
DA:66,0
DA:68,0
DA:69,0
DA:70,0
DA:74,0
DA:79,1
DA:80,0
DA:81,0
DA:85,1
DA:86,0
DA:90,1
LF:43
LH:12
BRDA:40,0,0,0
BRDA:40,0,1,0
BRDA:40,1,0,0
BRDA:40,1,1,0
BRDA:45,2,0,0
BRDA:45,2,1,0
BRDA:51,3,0,0
BRDA:51,3,1,0
BRDA:56,4,0,0
BRDA:56,4,1,0
BRDA:63,5,0,0
BRDA:63,5,1,0
BRDA:65,6,0,0
BRDA:65,6,1,0
BRF:14
BRH:0
end_of_record
TN:
SF:components\apiRequests\deleteJSON.jsx
FN:1,deleteJSON
FNF:1
FNH:1
FNDA:1,deleteJSON
DA:2,1
DA:3,1
DA:4,0
DA:6,1
LF:4
LH:3
BRDA:3,0,0,0
BRDA:3,0,1,1
BRDA:6,1,0,1
BRDA:6,1,1,0
BRF:4
BRH:2
end_of_record
TN:
SF:components\apiRequests\fetchJSON.jsx
FN:1,fetchJSON
FNF:1
FNH:1
FNDA:2,fetchJSON
DA:2,2
DA:3,1
DA:4,0
DA:6,1
LF:4
LH:3
BRDA:3,0,0,0
BRDA:3,0,1,1
BRF:2
BRH:1
end_of_record
TN:
SF:components\apiRequests\postJSON.jsx
FN:1,postJSON
FNF:1
FNH:1
FNDA:1,postJSON
DA:2,1
DA:7,1
DA:8,0
DA:10,1
LF:4
LH:3
BRDA:7,0,0,0
BRDA:7,0,1,1
BRF:2
BRH:1
end_of_record
TN:
SF:components\apiRequests\putJSON.jsx
FN:1,putJSON
FNF:1
FNH:1
FNDA:1,putJSON
DA:2,1
DA:7,1
DA:8,0
DA:10,1
LF:4
LH:3
BRDA:7,0,0,0
BRDA:7,0,1,1
BRF:2
BRH:1
end_of_record
TN:
SF:components\pages\AboutPage.jsx
FN:4,AboutPage
FNF:1
FNH:1
FNDA:1,AboutPage
DA:5,1
LF:1
LH:1
BRF:0
BRH:0
end_of_record
TN:
SF:components\pages\ChatRoomPage.jsx
FN:6,ChatRoomCard
FN:13,(anonymous_1)
FN:14,(anonymous_2)
FN:23,(anonymous_3)
FN:29,ChatRoomPage
FN:37,(anonymous_5)
FN:40,(anonymous_6)
FN:44,(anonymous_7)
FN:58,(anonymous_8)
FN:60,(anonymous_9)
FN:61,(anonymous_10)
FN:62,(anonymous_11)
FN:65,(anonymous_12)
FN:70,(anonymous_13)
FN:74,editRoom
FN:78,(anonymous_15)
FN:87,(anonymous_16)
FN:93,(anonymous_17)
FNF:18
FNH:4
FNDA:1,ChatRoomCard
FNDA:0,(anonymous_1)
FNDA:0,(anonymous_2)
FNDA:0,(anonymous_3)
FNDA:3,ChatRoomPage
FNDA:1,(anonymous_5)
FNDA:0,(anonymous_6)
FNDA:1,(anonymous_7)
FNDA:0,(anonymous_8)
FNDA:0,(anonymous_9)
FNDA:0,(anonymous_10)
FNDA:0,(anonymous_11)
FNDA:0,(anonymous_12)
FNDA:0,(anonymous_13)
FNDA:0,editRoom
FNDA:0,(anonymous_15)
FNDA:0,(anonymous_16)
FNDA:0,(anonymous_17)
DA:7,1
DA:9,1
DA:10,1
DA:11,0
DA:13,0
DA:14,0
DA:19,1
DA:23,0
DA:30,3
DA:31,3
DA:32,3
DA:33,3
DA:34,3
DA:35,3
DA:37,3
DA:38,1
DA:39,1
DA:41,0
DA:42,0
DA:45,1
DA:46,1
DA:50,3
DA:51,2
DA:54,1
DA:55,1
DA:58,0
DA:59,0
DA:61,0
DA:62,0
DA:66,0
DA:70,0
DA:71,0
DA:75,0
DA:78,0
DA:79,0
DA:82,0
DA:88,0
DA:93,0
LF:38
LH:19
BRDA:10,0,0,0
BRDA:10,0,1,1
BRDA:10,1,0,1
BRDA:10,1,1,0
BRDA:50,2,0,2
BRDA:50,2,1,1
BRDA:54,3,0,1
BRDA:54,3,1,0
BRDA:97,4,0,0
BRDA:97,4,1,0
BRF:10
BRH:5
end_of_record
TN:
SF:components\pages\CreateRoomPage.jsx
FN:7,CreateRoomPage
FN:17,handleSubmit
FN:27,(anonymous_2)
FN:31,(anonymous_3)
FN:46,(anonymous_4)
FN:55,(anonymous_5)
FNF:6
FNH:1
FNDA:1,CreateRoomPage
FNDA:0,handleSubmit
FNDA:0,(anonymous_2)
FNDA:0,(anonymous_3)
FNDA:0,(anonymous_4)
FNDA:0,(anonymous_5)
DA:8,1
DA:9,1
DA:10,1
DA:12,1
DA:13,1
DA:14,1
DA:15,1
DA:18,0
DA:20,0
DA:26,0
DA:28,0
DA:29,0
DA:32,0
DA:33,0
DA:37,1
DA:46,0
DA:55,0
LF:17
LH:8
BRDA:23,0,0,0
BRDA:23,0,1,0
BRDA:60,1,0,1
BRDA:60,1,1,0
BRDA:61,2,0,1
BRDA:61,2,1,0
BRF:6
BRH:2
end_of_record
TN:
SF:components\pages\EditChatRoomPage.jsx
FN:6,EditChatRoomPage
FN:15,(anonymous_1)
FN:18,(anonymous_2)
FN:22,(anonymous_3)
FN:28,(anonymous_4)
FN:50,(anonymous_5)
FN:57,(anonymous_6)
FNF:7
FNH:2
FNDA:1,EditChatRoomPage
FNDA:1,(anonymous_1)
FNDA:0,(anonymous_2)
FNDA:0,(anonymous_3)
FNDA:0,(anonymous_4)
FNDA:0,(anonymous_5)
FNDA:0,(anonymous_6)
DA:7,1
DA:8,1
DA:9,1
DA:10,1
DA:12,1
DA:13,1
DA:15,1
DA:16,1
DA:17,0
DA:19,0
DA:20,0
DA:23,0
DA:28,1
DA:29,0
DA:30,0
DA:31,0
DA:36,0
DA:38,0
DA:42,1
DA:50,0
DA:57,0
LF:21
LH:10
BRDA:16,0,0,0
BRDA:16,0,1,1
BRF:2
BRH:1
end_of_record
TN:
SF:components\pages\ProfilePage.jsx
FN:7,ProfilePage
FN:15,(anonymous_1)
FN:35,handleSubmitLogout
FN:88,(anonymous_3)
FN:97,(anonymous_4)
FNF:5
FNH:1
FNDA:3,ProfilePage
FNDA:0,(anonymous_1)
FNDA:0,handleSubmitLogout
FNDA:0,(anonymous_3)
FNDA:0,(anonymous_4)
DA:8,3
DA:10,3
DA:11,3
DA:12,3
DA:13,3
DA:15,3
DA:16,0
DA:17,0
DA:18,0
DA:22,0
DA:23,0
DA:27,0
DA:28,0
DA:29,0
DA:31,0
DA:36,0
DA:37,0
DA:40,0
DA:41,0
DA:43,0
DA:44,0
DA:47,3
DA:48,1
DA:51,2
DA:88,0
DA:97,0
LF:26
LH:9
BRDA:40,0,0,0
BRDA:40,0,1,0
BRDA:47,1,0,1
BRDA:47,1,1,2
BRDA:56,2,0,2
BRDA:56,2,1,0
BRDA:56,3,0,2
BRDA:56,3,1,2
BRDA:73,4,0,2
BRDA:73,4,1,0
BRDA:76,5,0,2
BRDA:76,5,1,0
BRDA:102,6,0,2
BRDA:102,6,1,0
BRF:14
BRH:8
end_of_record
